<?xml version="1.0" encoding="UTF-8"?>
<coverage generated="1698078938591" clover="3.2.0">
  <project timestamp="1698078938591" name="All files">
    <metrics statements="148" coveredstatements="126" conditionals="64" coveredconditionals="51" methods="75" coveredmethods="61" elements="287" coveredelements="238" complexity="0" loc="148" ncloc="148" packages="3" files="12" classes="12"/>
    <package name="src">
      <metrics statements="3" coveredstatements="2" conditionals="4" coveredconditionals="2" methods="2" coveredmethods="1"/>
      <file name="App.tsx" path="/Users/alexmaneri/quizzer_start/src/App.tsx">
        <metrics statements="3" coveredstatements="2" conditionals="4" coveredconditionals="2" methods="2" coveredmethods="1"/>
        <line num="8" count="1" type="stmt"/>
        <line num="10" count="1" type="stmt"/>
        <line num="16" count="0" type="stmt"/>
      </file>
    </package>
    <package name="src.interfaces">
      <metrics statements="0" coveredstatements="0" conditionals="0" coveredconditionals="0" methods="0" coveredmethods="0"/>
      <file name="question.ts" path="/Users/alexmaneri/quizzer_start/src/interfaces/question.ts">
        <metrics statements="0" coveredstatements="0" conditionals="0" coveredconditionals="0" methods="0" coveredmethods="0"/>
      </file>
      <file name="quiz.ts" path="/Users/alexmaneri/quizzer_start/src/interfaces/quiz.ts">
        <metrics statements="0" coveredstatements="0" conditionals="0" coveredconditionals="0" methods="0" coveredmethods="0"/>
      </file>
    </package>
    <package name="src.quizzer">
      <metrics statements="145" coveredstatements="124" conditionals="60" coveredconditionals="49" methods="73" coveredmethods="60"/>
      <file name="AddQuizModal.tsx" path="/Users/alexmaneri/quizzer_start/src/quizzer/AddQuizModal.tsx">
        <metrics statements="15" coveredstatements="10" conditionals="0" coveredconditionals="0" methods="5" coveredmethods="2"/>
        <line num="4" count="2" type="stmt"/>
        <line num="13" count="36" type="stmt"/>
        <line num="14" count="36" type="stmt"/>
        <line num="16" count="36" type="stmt"/>
        <line num="17" count="1" type="stmt"/>
        <line num="18" count="1" type="stmt"/>
        <line num="19" count="1" type="stmt"/>
        <line num="20" count="1" type="stmt"/>
        <line num="21" count="1" type="stmt"/>
        <line num="24" count="36" type="stmt"/>
        <line num="37" count="0" type="stmt"/>
        <line num="46" count="0" type="stmt"/>
        <line num="54" count="0" type="stmt"/>
        <line num="55" count="0" type="stmt"/>
        <line num="56" count="0" type="stmt"/>
      </file>
      <file name="QuestionEdit.tsx" path="/Users/alexmaneri/quizzer_start/src/quizzer/QuestionEdit.tsx">
        <metrics statements="35" coveredstatements="21" conditionals="18" coveredconditionals="10" methods="17" coveredmethods="9"/>
        <line num="7" count="2" type="stmt"/>
        <line num="22" count="85" type="stmt"/>
        <line num="23" count="85" type="stmt"/>
        <line num="26" count="85" type="stmt"/>
        <line num="27" count="0" type="stmt"/>
        <line num="29" count="0" type="cond" truecount="0" falsecount="2"/>
        <line num="30" count="0" type="stmt"/>
        <line num="38" count="85" type="stmt"/>
        <line num="39" count="1" type="stmt"/>
        <line num="40" count="1" type="cond" truecount="1" falsecount="1"/>
        <line num="41" count="1" type="cond" truecount="1" falsecount="1"/>
        <line num="44" count="85" type="stmt"/>
        <line num="45" count="1" type="stmt"/>
        <line num="46" count="1" type="stmt"/>
        <line num="54" count="85" type="stmt"/>
        <line num="55" count="0" type="stmt"/>
        <line num="63" count="85" type="stmt"/>
        <line num="64" count="0" type="stmt"/>
        <line num="70" count="85" type="stmt"/>
        <line num="74" count="0" type="stmt"/>
        <line num="75" count="0" type="stmt"/>
        <line num="76" count="0" type="stmt"/>
        <line num="83" count="85" type="stmt"/>
        <line num="84" count="0" type="stmt"/>
        <line num="85" count="0" type="stmt"/>
        <line num="86" count="0" type="stmt"/>
        <line num="92" count="85" type="stmt"/>
        <line num="111" count="5" type="stmt"/>
        <line num="176" count="0" type="stmt"/>
        <line num="189" count="129" type="stmt"/>
        <line num="210" count="0" type="stmt"/>
        <line num="228" count="2" type="stmt"/>
        <line num="237" count="0" type="stmt"/>
        <line num="253" count="1" type="stmt"/>
        <line num="262" count="1" type="stmt"/>
      </file>
      <file name="QuizCard.tsx" path="/Users/alexmaneri/quizzer_start/src/quizzer/QuizCard.tsx">
        <metrics statements="5" coveredstatements="5" conditionals="5" coveredconditionals="4" methods="3" coveredmethods="3"/>
        <line num="7" count="2" type="stmt"/>
        <line num="14" count="90" type="stmt"/>
        <line num="16" count="356" type="cond" truecount="3" falsecount="0"/>
        <line num="19" count="90" type="stmt"/>
        <line num="25" count="12" type="stmt"/>
      </file>
      <file name="QuizEdit.tsx" path="/Users/alexmaneri/quizzer_start/src/quizzer/QuizEdit.tsx">
        <metrics statements="25" coveredstatements="23" conditionals="6" coveredconditionals="6" methods="15" coveredmethods="13"/>
        <line num="9" count="2" type="stmt"/>
        <line num="22" count="21" type="stmt"/>
        <line num="24" count="21" type="stmt"/>
        <line num="25" count="7" type="stmt"/>
        <line num="29" count="28" type="cond" truecount="2" falsecount="0"/>
        <line num="34" count="21" type="stmt"/>
        <line num="35" count="1" type="stmt"/>
        <line num="38" count="4" type="stmt"/>
        <line num="43" count="21" type="stmt"/>
        <line num="44" count="7" type="stmt"/>
        <line num="47" count="21" type="stmt"/>
        <line num="48" count="2" type="stmt"/>
        <line num="52" count="8" type="cond" truecount="2" falsecount="0"/>
        <line num="53" count="6" type="cond" truecount="2" falsecount="0"/>
        <line num="54" count="4" type="stmt"/>
        <line num="60" count="21" type="stmt"/>
        <line num="72" count="0" type="stmt"/>
        <line num="89" count="2" type="stmt"/>
        <line num="102" count="0" type="stmt"/>
        <line num="110" count="85" type="stmt"/>
        <line num="126" count="1" type="stmt"/>
        <line num="152" count="7" type="stmt"/>
        <line num="153" count="7" type="stmt"/>
        <line num="165" count="1" type="stmt"/>
        <line num="166" count="1" type="stmt"/>
      </file>
      <file name="QuizExpanded.tsx" path="/Users/alexmaneri/quizzer_start/src/quizzer/QuizExpanded.tsx">
        <metrics statements="25" coveredstatements="25" conditionals="7" coveredconditionals="7" methods="12" coveredmethods="12"/>
        <line num="9" count="2" type="stmt"/>
        <line num="20" count="24" type="stmt"/>
        <line num="22" count="96" type="cond" truecount="3" falsecount="0"/>
        <line num="25" count="24" type="stmt"/>
        <line num="26" count="24" type="stmt"/>
        <line num="30" count="24" type="stmt"/>
        <line num="31" count="2" type="stmt"/>
        <line num="32" count="2" type="stmt"/>
        <line num="33" count="2" type="stmt"/>
        <line num="36" count="24" type="stmt"/>
        <line num="37" count="53" type="stmt"/>
        <line num="41" count="24" type="stmt"/>
        <line num="42" count="2" type="stmt"/>
        <line num="45" count="24" type="stmt"/>
        <line num="46" count="9" type="stmt"/>
        <line num="47" count="9" type="stmt"/>
        <line num="50" count="36" type="stmt"/>
        <line num="54" count="9" type="stmt"/>
        <line num="57" count="24" type="stmt"/>
        <line num="58" count="2" type="stmt"/>
        <line num="62" count="8" type="cond" truecount="2" falsecount="0"/>
        <line num="67" count="24" type="stmt"/>
        <line num="82" count="8" type="stmt"/>
        <line num="83" count="8" type="stmt"/>
        <line num="99" count="53" type="stmt"/>
      </file>
      <file name="QuizList.tsx" path="/Users/alexmaneri/quizzer_start/src/quizzer/QuizList.tsx">
        <metrics statements="11" coveredstatements="11" conditionals="4" coveredconditionals="4" methods="5" coveredmethods="5"/>
        <line num="8" count="2" type="stmt"/>
        <line num="19" count="48" type="stmt"/>
        <line num="21" count="48" type="stmt"/>
        <line num="22" count="12" type="stmt"/>
        <line num="23" count="12" type="stmt"/>
        <line num="26" count="48" type="stmt"/>
        <line num="27" count="1" type="stmt"/>
        <line num="30" count="48" type="stmt"/>
        <line num="35" count="90" type="stmt"/>
        <line num="48" count="240" type="cond" truecount="2" falsecount="0"/>
        <line num="49" count="30" type="stmt"/>
      </file>
      <file name="QuizQuestion.tsx" path="/Users/alexmaneri/quizzer_start/src/quizzer/QuizQuestion.tsx">
        <metrics statements="10" coveredstatements="10" conditionals="14" coveredconditionals="12" methods="4" coveredmethods="4"/>
        <line num="8" count="2" type="stmt"/>
        <line num="23" count="53" type="stmt"/>
        <line num="24" count="2" type="cond" truecount="1" falsecount="1"/>
        <line num="25" count="2" type="stmt"/>
        <line num="29" count="53" type="stmt"/>
        <line num="30" count="2" type="stmt"/>
        <line num="31" count="2" type="cond" truecount="1" falsecount="1"/>
        <line num="32" count="2" type="stmt"/>
        <line num="36" count="53" type="stmt"/>
        <line num="62" count="84" type="stmt"/>
      </file>
      <file name="QuizView.tsx" path="/Users/alexmaneri/quizzer_start/src/quizzer/QuizView.tsx">
        <metrics statements="5" coveredstatements="5" conditionals="4" coveredconditionals="4" methods="2" coveredmethods="2"/>
        <line num="8" count="2" type="stmt"/>
        <line num="19" count="30" type="stmt"/>
        <line num="21" count="30" type="stmt"/>
        <line num="22" count="15" type="stmt"/>
        <line num="25" count="30" type="stmt"/>
      </file>
      <file name="Quizzer.tsx" path="/Users/alexmaneri/quizzer_start/src/quizzer/Quizzer.tsx">
        <metrics statements="14" coveredstatements="14" conditionals="2" coveredconditionals="2" methods="10" coveredmethods="10"/>
        <line num="9" count="2" type="stmt"/>
        <line num="10" count="10" type="stmt"/>
        <line num="13" count="40" type="stmt"/>
        <line num="22" count="2" type="stmt"/>
        <line num="23" count="36" type="stmt"/>
        <line num="24" count="36" type="stmt"/>
        <line num="27" count="18" type="stmt"/>
        <line num="28" count="90" type="cond" truecount="2" falsecount="0"/>
        <line num="33" count="1" type="stmt"/>
        <line num="40" count="1" type="stmt"/>
        <line num="44" count="5" type="stmt"/>
        <line num="47" count="36" type="stmt"/>
        <line num="48" count="36" type="stmt"/>
        <line num="50" count="36" type="stmt"/>
      </file>
    </package>
  </project>
</coverage>
