{"/Users/alexmaneri/quizzer_start/src/App.tsx": {"path":"/Users/alexmaneri/quizzer_start/src/App.tsx","statementMap":{"0":{"start":{"line":8,"column":34},"end":{"line":8,"column":57}},"1":{"start":{"line":10,"column":4},"end":{"line":26,"column":6}},"2":{"start":{"line":16,"column":24},"end":{"line":16,"column":45}}},"fnMap":{"0":{"name":"App","decl":{"start":{"line":7,"column":9},"end":{"line":7,"column":12}},"loc":{"start":{"line":7,"column":28},"end":{"line":27,"column":1}},"line":7},"1":{"name":"(anonymous_1)","decl":{"start":{"line":15,"column":29},"end":{"line":15,"column":30}},"loc":{"start":{"line":15,"column":35},"end":{"line":17,"column":21}},"line":15}},"branchMap":{"0":{"loc":{"start":{"line":19,"column":21},"end":{"line":19,"column":50}},"type":"cond-expr","locations":[{"start":{"line":19,"column":31},"end":{"line":19,"column":40}},{"start":{"line":19,"column":43},"end":{"line":19,"column":50}}],"line":19},"1":{"loc":{"start":{"line":22,"column":35},"end":{"line":22,"column":61}},"type":"cond-expr","locations":[{"start":{"line":22,"column":45},"end":{"line":22,"column":52}},{"start":{"line":22,"column":55},"end":{"line":22,"column":61}}],"line":22}},"s":{"0":1,"1":1,"2":0},"f":{"0":1,"1":0},"b":{"0":[1,0],"1":[1,0]},"_coverageSchema":"1a1c01bbd47fc00a2c39e90264f33305004495a9","hash":"3777a533fd9a02c0eda7571c52b824359a75409c"}
,"/Users/alexmaneri/quizzer_start/src/interfaces/question.ts": {"path":"/Users/alexmaneri/quizzer_start/src/interfaces/question.ts","statementMap":{},"fnMap":{},"branchMap":{},"s":{},"f":{},"b":{}}
,"/Users/alexmaneri/quizzer_start/src/interfaces/quiz.ts": {"path":"/Users/alexmaneri/quizzer_start/src/interfaces/quiz.ts","statementMap":{},"fnMap":{},"branchMap":{},"s":{},"f":{},"b":{}}
,"/Users/alexmaneri/quizzer_start/src/quizzer/AddQuizModal.tsx": {"path":"/Users/alexmaneri/quizzer_start/src/quizzer/AddQuizModal.tsx","statementMap":{"0":{"start":{"line":4,"column":28},"end":{"line":68,"column":1}},"1":{"start":{"line":13,"column":30},"end":{"line":13,"column":62}},"2":{"start":{"line":14,"column":28},"end":{"line":14,"column":67}},"3":{"start":{"line":16,"column":24},"end":{"line":22,"column":5}},"4":{"start":{"line":17,"column":8},"end":{"line":17,"column":26}},"5":{"start":{"line":18,"column":8},"end":{"line":18,"column":29}},"6":{"start":{"line":19,"column":8},"end":{"line":19,"column":33}},"7":{"start":{"line":20,"column":8},"end":{"line":20,"column":39}},"8":{"start":{"line":21,"column":8},"end":{"line":21,"column":22}},"9":{"start":{"line":24,"column":4},"end":{"line":67,"column":6}},"10":{"start":{"line":37,"column":33},"end":{"line":37,"column":57}},"11":{"start":{"line":46,"column":33},"end":{"line":46,"column":56}},"12":{"start":{"line":54,"column":28},"end":{"line":54,"column":53}},"13":{"start":{"line":55,"column":28},"end":{"line":55,"column":59}},"14":{"start":{"line":56,"column":28},"end":{"line":56,"column":42}}},"fnMap":{"0":{"name":"(anonymous_0)","decl":{"start":{"line":4,"column":28},"end":{"line":4,"column":29}},"loc":{"start":{"line":12,"column":6},"end":{"line":68,"column":1}},"line":12},"1":{"name":"(anonymous_1)","decl":{"start":{"line":16,"column":24},"end":{"line":16,"column":25}},"loc":{"start":{"line":16,"column":30},"end":{"line":22,"column":5}},"line":16},"2":{"name":"(anonymous_2)","decl":{"start":{"line":35,"column":38},"end":{"line":35,"column":39}},"loc":{"start":{"line":37,"column":33},"end":{"line":37,"column":57}},"line":37},"3":{"name":"(anonymous_3)","decl":{"start":{"line":44,"column":38},"end":{"line":44,"column":39}},"loc":{"start":{"line":46,"column":33},"end":{"line":46,"column":56}},"line":46},"4":{"name":"(anonymous_4)","decl":{"start":{"line":53,"column":33},"end":{"line":53,"column":34}},"loc":{"start":{"line":53,"column":39},"end":{"line":57,"column":25}},"line":53}},"branchMap":{},"s":{"0":2,"1":36,"2":36,"3":36,"4":1,"5":1,"6":1,"7":1,"8":1,"9":36,"10":0,"11":0,"12":0,"13":0,"14":0},"f":{"0":36,"1":1,"2":0,"3":0,"4":0},"b":{},"_coverageSchema":"1a1c01bbd47fc00a2c39e90264f33305004495a9","hash":"11ee7b504fb5bf03c1fe7af171f42e73d77e7ea5"}
,"/Users/alexmaneri/quizzer_start/src/quizzer/QuestionEdit.tsx": {"path":"/Users/alexmaneri/quizzer_start/src/quizzer/QuestionEdit.tsx","statementMap":{"0":{"start":{"line":7,"column":28},"end":{"line":271,"column":1}},"1":{"start":{"line":22,"column":42},"end":{"line":24,"column":5}},"2":{"start":{"line":23,"column":50},"end":{"line":23,"column":73}},"3":{"start":{"line":26,"column":29},"end":{"line":36,"column":5}},"4":{"start":{"line":27,"column":8},"end":{"line":27,"column":26}},"5":{"start":{"line":29,"column":12},"end":{"line":29,"column":71}},"6":{"start":{"line":30,"column":8},"end":{"line":35,"column":11}},"7":{"start":{"line":38,"column":25},"end":{"line":42,"column":5}},"8":{"start":{"line":39,"column":24},"end":{"line":39,"column":54}},"9":{"start":{"line":40,"column":8},"end":{"line":40,"column":66}},"10":{"start":{"line":40,"column":52},"end":{"line":40,"column":66}},"11":{"start":{"line":41,"column":8},"end":{"line":41,"column":66}},"12":{"start":{"line":41,"column":49},"end":{"line":41,"column":66}},"13":{"start":{"line":44,"column":24},"end":{"line":52,"column":5}},"14":{"start":{"line":45,"column":8},"end":{"line":45,"column":26}},"15":{"start":{"line":46,"column":8},"end":{"line":51,"column":11}},"16":{"start":{"line":54,"column":27},"end":{"line":61,"column":5}},"17":{"start":{"line":55,"column":8},"end":{"line":60,"column":11}},"18":{"start":{"line":63,"column":25},"end":{"line":68,"column":5}},"19":{"start":{"line":64,"column":8},"end":{"line":67,"column":11}},"20":{"start":{"line":70,"column":31},"end":{"line":81,"column":5}},"21":{"start":{"line":74,"column":27},"end":{"line":74,"column":48}},"22":{"start":{"line":75,"column":8},"end":{"line":75,"column":48}},"23":{"start":{"line":76,"column":8},"end":{"line":80,"column":11}},"24":{"start":{"line":83,"column":30},"end":{"line":90,"column":5}},"25":{"start":{"line":84,"column":20},"end":{"line":84,"column":44}},"26":{"start":{"line":85,"column":8},"end":{"line":85,"column":28}},"27":{"start":{"line":86,"column":8},"end":{"line":89,"column":11}},"28":{"start":{"line":92,"column":4},"end":{"line":270,"column":6}},"29":{"start":{"line":111,"column":36},"end":{"line":114,"column":39}},"30":{"start":{"line":176,"column":44},"end":{"line":179,"column":47}},"31":{"start":{"line":189,"column":44},"end":{"line":216,"column":50}},"32":{"start":{"line":210,"column":56},"end":{"line":213,"column":58}},"33":{"start":{"line":228,"column":32},"end":{"line":228,"column":63}},"34":{"start":{"line":237,"column":32},"end":{"line":237,"column":63}},"35":{"start":{"line":253,"column":28},"end":{"line":256,"column":31}},"36":{"start":{"line":262,"column":28},"end":{"line":262,"column":56}}},"fnMap":{"0":{"name":"(anonymous_0)","decl":{"start":{"line":7,"column":28},"end":{"line":7,"column":29}},"loc":{"start":{"line":21,"column":6},"end":{"line":271,"column":1}},"line":21},"1":{"name":"(anonymous_1)","decl":{"start":{"line":23,"column":35},"end":{"line":23,"column":36}},"loc":{"start":{"line":23,"column":50},"end":{"line":23,"column":73}},"line":23},"2":{"name":"(anonymous_2)","decl":{"start":{"line":26,"column":29},"end":{"line":26,"column":30}},"loc":{"start":{"line":26,"column":73},"end":{"line":36,"column":5}},"line":26},"3":{"name":"(anonymous_3)","decl":{"start":{"line":38,"column":25},"end":{"line":38,"column":26}},"loc":{"start":{"line":38,"column":70},"end":{"line":42,"column":5}},"line":38},"4":{"name":"(anonymous_4)","decl":{"start":{"line":44,"column":24},"end":{"line":44,"column":25}},"loc":{"start":{"line":44,"column":30},"end":{"line":52,"column":5}},"line":44},"5":{"name":"(anonymous_5)","decl":{"start":{"line":54,"column":27},"end":{"line":54,"column":28}},"loc":{"start":{"line":54,"column":33},"end":{"line":61,"column":5}},"line":54},"6":{"name":"(anonymous_6)","decl":{"start":{"line":63,"column":25},"end":{"line":63,"column":26}},"loc":{"start":{"line":63,"column":69},"end":{"line":68,"column":5}},"line":63},"7":{"name":"(anonymous_7)","decl":{"start":{"line":70,"column":31},"end":{"line":70,"column":32}},"loc":{"start":{"line":73,"column":9},"end":{"line":81,"column":5}},"line":73},"8":{"name":"(anonymous_8)","decl":{"start":{"line":83,"column":30},"end":{"line":83,"column":31}},"loc":{"start":{"line":83,"column":74},"end":{"line":90,"column":5}},"line":83},"9":{"name":"(anonymous_9)","decl":{"start":{"line":108,"column":42},"end":{"line":108,"column":43}},"loc":{"start":{"line":110,"column":37},"end":{"line":115,"column":33}},"line":110},"10":{"name":"(anonymous_10)","decl":{"start":{"line":173,"column":50},"end":{"line":173,"column":51}},"loc":{"start":{"line":175,"column":45},"end":{"line":180,"column":41}},"line":175},"11":{"name":"(anonymous_11)","decl":{"start":{"line":188,"column":40},"end":{"line":188,"column":41}},"loc":{"start":{"line":189,"column":44},"end":{"line":216,"column":50}},"line":189},"12":{"name":"(anonymous_12)","decl":{"start":{"line":207,"column":62},"end":{"line":207,"column":63}},"loc":{"start":{"line":209,"column":57},"end":{"line":214,"column":53}},"line":209},"13":{"name":"(anonymous_13)","decl":{"start":{"line":227,"column":37},"end":{"line":227,"column":38}},"loc":{"start":{"line":227,"column":43},"end":{"line":229,"column":29}},"line":227},"14":{"name":"(anonymous_14)","decl":{"start":{"line":236,"column":37},"end":{"line":236,"column":38}},"loc":{"start":{"line":236,"column":43},"end":{"line":238,"column":29}},"line":236},"15":{"name":"(anonymous_15)","decl":{"start":{"line":252,"column":34},"end":{"line":252,"column":35}},"loc":{"start":{"line":252,"column":78},"end":{"line":257,"column":25}},"line":252},"16":{"name":"(anonymous_16)","decl":{"start":{"line":261,"column":33},"end":{"line":261,"column":34}},"loc":{"start":{"line":261,"column":39},"end":{"line":263,"column":25}},"line":261}},"branchMap":{"0":{"loc":{"start":{"line":29,"column":12},"end":{"line":29,"column":71}},"type":"cond-expr","locations":[{"start":{"line":29,"column":43},"end":{"line":29,"column":44}},{"start":{"line":29,"column":47},"end":{"line":29,"column":71}}],"line":29},"1":{"loc":{"start":{"line":40,"column":8},"end":{"line":40,"column":66}},"type":"if","locations":[{"start":{"line":40,"column":8},"end":{"line":40,"column":66}},{"start":{},"end":{}}],"line":40},"2":{"loc":{"start":{"line":41,"column":8},"end":{"line":41,"column":66}},"type":"if","locations":[{"start":{"line":41,"column":8},"end":{"line":41,"column":66}},{"start":{},"end":{}}],"line":41},"3":{"loc":{"start":{"line":66,"column":20},"end":{"line":66,"column":79}},"type":"cond-expr","locations":[{"start":{"line":66,"column":51},"end":{"line":66,"column":52}},{"start":{"line":66,"column":55},"end":{"line":66,"column":79}}],"line":66},"4":{"loc":{"start":{"line":79,"column":22},"end":{"line":79,"column":76}},"type":"cond-expr","locations":[{"start":{"line":79,"column":42},"end":{"line":79,"column":56}},{"start":{"line":79,"column":59},"end":{"line":79,"column":76}}],"line":79},"5":{"loc":{"start":{"line":132,"column":31},"end":{"line":132,"column":63}},"type":"cond-expr","locations":[{"start":{"line":132,"column":55},"end":{"line":132,"column":58}},{"start":{"line":132,"column":61},"end":{"line":132,"column":63}}],"line":132},"6":{"loc":{"start":{"line":153,"column":29},"end":{"line":165,"column":29}},"type":"binary-expr","locations":[{"start":{"line":153,"column":29},"end":{"line":153,"column":73}},{"start":{"line":154,"column":32},"end":{"line":164,"column":35}}],"line":153},"7":{"loc":{"start":{"line":168,"column":29},"end":{"line":183,"column":29}},"type":"binary-expr","locations":[{"start":{"line":168,"column":29},"end":{"line":168,"column":70}},{"start":{"line":169,"column":32},"end":{"line":182,"column":45}}],"line":168},"8":{"loc":{"start":{"line":184,"column":29},"end":{"line":220,"column":29}},"type":"binary-expr","locations":[{"start":{"line":184,"column":29},"end":{"line":184,"column":73}},{"start":{"line":185,"column":32},"end":{"line":219,"column":45}}],"line":184}},"s":{"0":2,"1":85,"2":85,"3":85,"4":0,"5":0,"6":0,"7":85,"8":1,"9":1,"10":1,"11":1,"12":0,"13":85,"14":1,"15":1,"16":85,"17":0,"18":85,"19":0,"20":85,"21":0,"22":0,"23":0,"24":85,"25":0,"26":0,"27":0,"28":85,"29":5,"30":0,"31":129,"32":0,"33":2,"34":0,"35":1,"36":1},"f":{"0":85,"1":85,"2":0,"3":1,"4":1,"5":0,"6":0,"7":0,"8":0,"9":5,"10":0,"11":129,"12":0,"13":2,"14":0,"15":1,"16":1},"b":{"0":[0,0],"1":[1,0],"2":[0,1],"3":[0,0],"4":[0,0],"5":[21,64],"6":[85,43],"7":[85,42],"8":[85,43]},"_coverageSchema":"1a1c01bbd47fc00a2c39e90264f33305004495a9","hash":"c76f5e12400aed01e0afc198aa78f11858af9657"}
,"/Users/alexmaneri/quizzer_start/src/quizzer/QuizCard.tsx": {"path":"/Users/alexmaneri/quizzer_start/src/quizzer/QuizCard.tsx","statementMap":{"0":{"start":{"line":7,"column":24},"end":{"line":38,"column":1}},"1":{"start":{"line":14,"column":30},"end":{"line":17,"column":5}},"2":{"start":{"line":16,"column":12},"end":{"line":16,"column":62}},"3":{"start":{"line":19,"column":4},"end":{"line":37,"column":6}},"4":{"start":{"line":25,"column":24},"end":{"line":25,"column":45}}},"fnMap":{"0":{"name":"(anonymous_0)","decl":{"start":{"line":7,"column":24},"end":{"line":7,"column":25}},"loc":{"start":{"line":13,"column":6},"end":{"line":38,"column":1}},"line":13},"1":{"name":"(anonymous_1)","decl":{"start":{"line":15,"column":8},"end":{"line":15,"column":9}},"loc":{"start":{"line":16,"column":12},"end":{"line":16,"column":62}},"line":16},"2":{"name":"(anonymous_2)","decl":{"start":{"line":24,"column":29},"end":{"line":24,"column":30}},"loc":{"start":{"line":24,"column":35},"end":{"line":26,"column":21}},"line":24}},"branchMap":{"0":{"loc":{"start":{"line":16,"column":12},"end":{"line":16,"column":62}},"type":"binary-expr","locations":[{"start":{"line":16,"column":13},"end":{"line":16,"column":27}},{"start":{"line":16,"column":31},"end":{"line":16,"column":42}},{"start":{"line":16,"column":47},"end":{"line":16,"column":62}}],"line":16},"1":{"loc":{"start":{"line":32,"column":21},"end":{"line":32,"column":62}},"type":"cond-expr","locations":[{"start":{"line":32,"column":54},"end":{"line":32,"column":57}},{"start":{"line":32,"column":60},"end":{"line":32,"column":62}}],"line":32}},"s":{"0":2,"1":90,"2":356,"3":90,"4":12},"f":{"0":90,"1":356,"2":12},"b":{"0":[356,302,160],"1":[90,0]},"_coverageSchema":"1a1c01bbd47fc00a2c39e90264f33305004495a9","hash":"7c00910ed53fbc38c8802a63e47c4998336c9bca"}
,"/Users/alexmaneri/quizzer_start/src/quizzer/QuizEdit.tsx": {"path":"/Users/alexmaneri/quizzer_start/src/quizzer/QuizEdit.tsx","statementMap":{"0":{"start":{"line":9,"column":24},"end":{"line":175,"column":1}},"1":{"start":{"line":22,"column":34},"end":{"line":22,"column":61}},"2":{"start":{"line":24,"column":25},"end":{"line":32,"column":5}},"3":{"start":{"line":25,"column":8},"end":{"line":31,"column":11}},"4":{"start":{"line":29,"column":20},"end":{"line":29,"column":57}},"5":{"start":{"line":34,"column":27},"end":{"line":41,"column":5}},"6":{"start":{"line":35,"column":8},"end":{"line":40,"column":11}},"7":{"start":{"line":38,"column":33},"end":{"line":38,"column":52}},"8":{"start":{"line":43,"column":24},"end":{"line":45,"column":5}},"9":{"start":{"line":44,"column":8},"end":{"line":44,"column":42}},"10":{"start":{"line":47,"column":25},"end":{"line":58,"column":5}},"11":{"start":{"line":48,"column":8},"end":{"line":57,"column":11}},"12":{"start":{"line":52,"column":20},"end":{"line":52,"column":72}},"13":{"start":{"line":52,"column":38},"end":{"line":52,"column":72}},"14":{"start":{"line":53,"column":20},"end":{"line":53,"column":72}},"15":{"start":{"line":53,"column":38},"end":{"line":53,"column":72}},"16":{"start":{"line":54,"column":20},"end":{"line":54,"column":53}},"17":{"start":{"line":60,"column":4},"end":{"line":174,"column":6}},"18":{"start":{"line":72,"column":36},"end":{"line":75,"column":38}},"19":{"start":{"line":89,"column":32},"end":{"line":92,"column":35}},"20":{"start":{"line":102,"column":28},"end":{"line":102,"column":76}},"21":{"start":{"line":110,"column":20},"end":{"line":118,"column":36}},"22":{"start":{"line":126,"column":24},"end":{"line":141,"column":27}},"23":{"start":{"line":152,"column":32},"end":{"line":152,"column":46}},"24":{"start":{"line":153,"column":32},"end":{"line":153,"column":45}},"25":{"start":{"line":165,"column":28},"end":{"line":165,"column":48}},"26":{"start":{"line":166,"column":28},"end":{"line":166,"column":40}}},"fnMap":{"0":{"name":"(anonymous_0)","decl":{"start":{"line":9,"column":24},"end":{"line":9,"column":25}},"loc":{"start":{"line":21,"column":6},"end":{"line":175,"column":1}},"line":21},"1":{"name":"(anonymous_1)","decl":{"start":{"line":24,"column":25},"end":{"line":24,"column":26}},"loc":{"start":{"line":24,"column":72},"end":{"line":32,"column":5}},"line":24},"2":{"name":"(anonymous_2)","decl":{"start":{"line":28,"column":16},"end":{"line":28,"column":17}},"loc":{"start":{"line":29,"column":20},"end":{"line":29,"column":57}},"line":29},"3":{"name":"(anonymous_3)","decl":{"start":{"line":34,"column":27},"end":{"line":34,"column":28}},"loc":{"start":{"line":34,"column":51},"end":{"line":41,"column":5}},"line":34},"4":{"name":"(anonymous_4)","decl":{"start":{"line":38,"column":16},"end":{"line":38,"column":17}},"loc":{"start":{"line":38,"column":33},"end":{"line":38,"column":52}},"line":38},"5":{"name":"(anonymous_5)","decl":{"start":{"line":43,"column":24},"end":{"line":43,"column":25}},"loc":{"start":{"line":43,"column":30},"end":{"line":45,"column":5}},"line":43},"6":{"name":"(anonymous_6)","decl":{"start":{"line":47,"column":25},"end":{"line":47,"column":26}},"loc":{"start":{"line":47,"column":57},"end":{"line":58,"column":5}},"line":47},"7":{"name":"(anonymous_7)","decl":{"start":{"line":51,"column":16},"end":{"line":51,"column":17}},"loc":{"start":{"line":51,"column":56},"end":{"line":55,"column":17}},"line":51},"8":{"name":"(anonymous_8)","decl":{"start":{"line":69,"column":42},"end":{"line":69,"column":43}},"loc":{"start":{"line":72,"column":36},"end":{"line":75,"column":38}},"line":72},"9":{"name":"(anonymous_9)","decl":{"start":{"line":86,"column":38},"end":{"line":86,"column":39}},"loc":{"start":{"line":88,"column":33},"end":{"line":93,"column":29}},"line":88},"10":{"name":"(anonymous_10)","decl":{"start":{"line":101,"column":34},"end":{"line":101,"column":35}},"loc":{"start":{"line":102,"column":28},"end":{"line":102,"column":76}},"line":102},"11":{"name":"(anonymous_11)","decl":{"start":{"line":109,"column":42},"end":{"line":109,"column":43}},"loc":{"start":{"line":110,"column":20},"end":{"line":118,"column":36}},"line":110},"12":{"name":"(anonymous_12)","decl":{"start":{"line":125,"column":29},"end":{"line":125,"column":30}},"loc":{"start":{"line":125,"column":35},"end":{"line":142,"column":21}},"line":125},"13":{"name":"(anonymous_13)","decl":{"start":{"line":151,"column":37},"end":{"line":151,"column":38}},"loc":{"start":{"line":151,"column":43},"end":{"line":154,"column":29}},"line":151},"14":{"name":"(anonymous_14)","decl":{"start":{"line":164,"column":33},"end":{"line":164,"column":34}},"loc":{"start":{"line":164,"column":39},"end":{"line":167,"column":25}},"line":164}},"branchMap":{"0":{"loc":{"start":{"line":29,"column":20},"end":{"line":29,"column":57}},"type":"cond-expr","locations":[{"start":{"line":29,"column":42},"end":{"line":29,"column":53}},{"start":{"line":29,"column":56},"end":{"line":29,"column":57}}],"line":29},"1":{"loc":{"start":{"line":52,"column":20},"end":{"line":52,"column":72}},"type":"if","locations":[{"start":{"line":52,"column":20},"end":{"line":52,"column":72}},{"start":{},"end":{}}],"line":52},"2":{"loc":{"start":{"line":53,"column":20},"end":{"line":53,"column":72}},"type":"if","locations":[{"start":{"line":53,"column":20},"end":{"line":53,"column":72}},{"start":{},"end":{}}],"line":53}},"s":{"0":2,"1":21,"2":21,"3":7,"4":28,"5":21,"6":1,"7":4,"8":21,"9":7,"10":21,"11":2,"12":8,"13":2,"14":6,"15":2,"16":4,"17":21,"18":0,"19":2,"20":0,"21":85,"22":1,"23":7,"24":7,"25":1,"26":1},"f":{"0":21,"1":7,"2":28,"3":1,"4":4,"5":7,"6":2,"7":8,"8":0,"9":2,"10":0,"11":85,"12":1,"13":7,"14":1},"b":{"0":[7,21],"1":[2,6],"2":[2,4]},"_coverageSchema":"1a1c01bbd47fc00a2c39e90264f33305004495a9","hash":"b7393c84bfe3e25170356c800a4c886e6d14123b"}
,"/Users/alexmaneri/quizzer_start/src/quizzer/QuizExpanded.tsx": {"path":"/Users/alexmaneri/quizzer_start/src/quizzer/QuizExpanded.tsx","statementMap":{"0":{"start":{"line":9,"column":28},"end":{"line":121,"column":1}},"1":{"start":{"line":20,"column":30},"end":{"line":23,"column":5}},"2":{"start":{"line":22,"column":12},"end":{"line":22,"column":62}},"3":{"start":{"line":25,"column":32},"end":{"line":25,"column":51}},"4":{"start":{"line":26,"column":38},"end":{"line":28,"column":5}},"5":{"start":{"line":30,"column":33},"end":{"line":34,"column":5}},"6":{"start":{"line":31,"column":29},"end":{"line":31,"column":43}},"7":{"start":{"line":32,"column":8},"end":{"line":32,"column":44}},"8":{"start":{"line":33,"column":8},"end":{"line":33,"column":35}},"9":{"start":{"line":36,"column":24},"end":{"line":39,"column":5}},"10":{"start":{"line":37,"column":47},"end":{"line":37,"column":62}},"11":{"start":{"line":41,"column":22},"end":{"line":43,"column":5}},"12":{"start":{"line":42,"column":8},"end":{"line":42,"column":48}},"13":{"start":{"line":42,"column":33},"end":{"line":42,"column":46}},"14":{"start":{"line":45,"column":18},"end":{"line":55,"column":5}},"15":{"start":{"line":46,"column":8},"end":{"line":46,"column":58}},"16":{"start":{"line":47,"column":8},"end":{"line":52,"column":11}},"17":{"start":{"line":50,"column":44},"end":{"line":50,"column":68}},"18":{"start":{"line":54,"column":8},"end":{"line":54,"column":21}},"19":{"start":{"line":57,"column":28},"end":{"line":65,"column":5}},"20":{"start":{"line":58,"column":8},"end":{"line":64,"column":11}},"21":{"start":{"line":62,"column":20},"end":{"line":62,"column":71}},"22":{"start":{"line":67,"column":4},"end":{"line":120,"column":6}},"23":{"start":{"line":82,"column":28},"end":{"line":82,"column":36}},"24":{"start":{"line":83,"column":28},"end":{"line":83,"column":41}},"25":{"start":{"line":99,"column":16},"end":{"line":108,"column":32}}},"fnMap":{"0":{"name":"(anonymous_0)","decl":{"start":{"line":9,"column":28},"end":{"line":9,"column":29}},"loc":{"start":{"line":19,"column":6},"end":{"line":121,"column":1}},"line":19},"1":{"name":"(anonymous_1)","decl":{"start":{"line":21,"column":8},"end":{"line":21,"column":9}},"loc":{"start":{"line":22,"column":12},"end":{"line":22,"column":62}},"line":22},"2":{"name":"(anonymous_2)","decl":{"start":{"line":30,"column":33},"end":{"line":30,"column":34}},"loc":{"start":{"line":30,"column":52},"end":{"line":34,"column":5}},"line":30},"3":{"name":"(anonymous_3)","decl":{"start":{"line":37,"column":8},"end":{"line":37,"column":9}},"loc":{"start":{"line":37,"column":47},"end":{"line":37,"column":62}},"line":37},"4":{"name":"(anonymous_4)","decl":{"start":{"line":41,"column":22},"end":{"line":41,"column":23}},"loc":{"start":{"line":41,"column":37},"end":{"line":43,"column":5}},"line":41},"5":{"name":"(anonymous_5)","decl":{"start":{"line":42,"column":18},"end":{"line":42,"column":19}},"loc":{"start":{"line":42,"column":33},"end":{"line":42,"column":46}},"line":42},"6":{"name":"(anonymous_6)","decl":{"start":{"line":45,"column":18},"end":{"line":45,"column":19}},"loc":{"start":{"line":45,"column":24},"end":{"line":55,"column":5}},"line":45},"7":{"name":"(anonymous_7)","decl":{"start":{"line":50,"column":16},"end":{"line":50,"column":17}},"loc":{"start":{"line":50,"column":44},"end":{"line":50,"column":68}},"line":50},"8":{"name":"(anonymous_8)","decl":{"start":{"line":57,"column":28},"end":{"line":57,"column":29}},"loc":{"start":{"line":57,"column":65},"end":{"line":65,"column":5}},"line":57},"9":{"name":"(anonymous_9)","decl":{"start":{"line":61,"column":16},"end":{"line":61,"column":17}},"loc":{"start":{"line":62,"column":20},"end":{"line":62,"column":71}},"line":62},"10":{"name":"(anonymous_10)","decl":{"start":{"line":81,"column":33},"end":{"line":81,"column":34}},"loc":{"start":{"line":81,"column":39},"end":{"line":84,"column":25}},"line":81},"11":{"name":"(anonymous_11)","decl":{"start":{"line":98,"column":35},"end":{"line":98,"column":36}},"loc":{"start":{"line":99,"column":16},"end":{"line":108,"column":32}},"line":99}},"branchMap":{"0":{"loc":{"start":{"line":22,"column":12},"end":{"line":22,"column":62}},"type":"binary-expr","locations":[{"start":{"line":22,"column":13},"end":{"line":22,"column":27}},{"start":{"line":22,"column":31},"end":{"line":22,"column":42}},{"start":{"line":22,"column":47},"end":{"line":22,"column":62}}],"line":22},"1":{"loc":{"start":{"line":62,"column":20},"end":{"line":62,"column":71}},"type":"cond-expr","locations":[{"start":{"line":62,"column":42},"end":{"line":62,"column":67}},{"start":{"line":62,"column":70},"end":{"line":62,"column":71}}],"line":62},"2":{"loc":{"start":{"line":74,"column":25},"end":{"line":74,"column":66}},"type":"cond-expr","locations":[{"start":{"line":74,"column":58},"end":{"line":74,"column":61}},{"start":{"line":74,"column":64},"end":{"line":74,"column":66}}],"line":74}},"s":{"0":2,"1":24,"2":96,"3":24,"4":24,"5":24,"6":2,"7":2,"8":2,"9":24,"10":53,"11":24,"12":2,"13":2,"14":24,"15":9,"16":9,"17":36,"18":9,"19":24,"20":2,"21":8,"22":24,"23":8,"24":8,"25":53},"f":{"0":24,"1":96,"2":2,"3":53,"4":2,"5":2,"6":9,"7":36,"8":2,"9":8,"10":8,"11":53},"b":{"0":[96,87,52],"1":[2,6],"2":[23,1]},"_coverageSchema":"1a1c01bbd47fc00a2c39e90264f33305004495a9","hash":"7d81a468c1f0b35d99294f8c3ee81c926dfe8926"}
,"/Users/alexmaneri/quizzer_start/src/quizzer/QuizList.tsx": {"path":"/Users/alexmaneri/quizzer_start/src/quizzer/QuizList.tsx","statementMap":{"0":{"start":{"line":8,"column":24},"end":{"line":62,"column":1}},"1":{"start":{"line":19,"column":38},"end":{"line":19,"column":67}},"2":{"start":{"line":21,"column":27},"end":{"line":24,"column":5}},"3":{"start":{"line":22,"column":8},"end":{"line":22,"column":25}},"4":{"start":{"line":23,"column":8},"end":{"line":23,"column":31}},"5":{"start":{"line":26,"column":26},"end":{"line":28,"column":5}},"6":{"start":{"line":27,"column":8},"end":{"line":27,"column":27}},"7":{"start":{"line":30,"column":4},"end":{"line":61,"column":6}},"8":{"start":{"line":35,"column":24},"end":{"line":40,"column":36}},"9":{"start":{"line":48,"column":16},"end":{"line":58,"column":17}},"10":{"start":{"line":49,"column":20},"end":{"line":57,"column":22}}},"fnMap":{"0":{"name":"(anonymous_0)","decl":{"start":{"line":8,"column":24},"end":{"line":8,"column":25}},"loc":{"start":{"line":18,"column":6},"end":{"line":62,"column":1}},"line":18},"1":{"name":"(anonymous_1)","decl":{"start":{"line":21,"column":27},"end":{"line":21,"column":28}},"loc":{"start":{"line":21,"column":43},"end":{"line":24,"column":5}},"line":21},"2":{"name":"(anonymous_2)","decl":{"start":{"line":26,"column":26},"end":{"line":26,"column":27}},"loc":{"start":{"line":26,"column":32},"end":{"line":28,"column":5}},"line":26},"3":{"name":"(anonymous_3)","decl":{"start":{"line":34,"column":33},"end":{"line":34,"column":34}},"loc":{"start":{"line":35,"column":24},"end":{"line":40,"column":36}},"line":35},"4":{"name":"(anonymous_4)","decl":{"start":{"line":47,"column":25},"end":{"line":47,"column":26}},"loc":{"start":{"line":47,"column":41},"end":{"line":59,"column":13}},"line":47}},"branchMap":{"0":{"loc":{"start":{"line":32,"column":13},"end":{"line":46,"column":13}},"type":"binary-expr","locations":[{"start":{"line":32,"column":13},"end":{"line":32,"column":23}},{"start":{"line":33,"column":16},"end":{"line":45,"column":19}}],"line":32},"1":{"loc":{"start":{"line":48,"column":16},"end":{"line":58,"column":17}},"type":"if","locations":[{"start":{"line":48,"column":16},"end":{"line":58,"column":17}},{"start":{},"end":{}}],"line":48}},"s":{"0":2,"1":48,"2":48,"3":12,"4":12,"5":48,"6":1,"7":48,"8":90,"9":240,"10":30},"f":{"0":48,"1":12,"2":1,"3":90,"4":240},"b":{"0":[48,18],"1":[30,210]},"_coverageSchema":"1a1c01bbd47fc00a2c39e90264f33305004495a9","hash":"b9fe36cb7ef6f36ab8d887fead40fa6e779a872b"}
,"/Users/alexmaneri/quizzer_start/src/quizzer/QuizQuestion.tsx": {"path":"/Users/alexmaneri/quizzer_start/src/quizzer/QuizQuestion.tsx","statementMap":{"0":{"start":{"line":8,"column":28},"end":{"line":94,"column":1}},"1":{"start":{"line":23,"column":24},"end":{"line":27,"column":5}},"2":{"start":{"line":24,"column":8},"end":{"line":26,"column":9}},"3":{"start":{"line":25,"column":12},"end":{"line":25,"column":57}},"4":{"start":{"line":29,"column":30},"end":{"line":34,"column":5}},"5":{"start":{"line":30,"column":8},"end":{"line":30,"column":28}},"6":{"start":{"line":31,"column":8},"end":{"line":33,"column":9}},"7":{"start":{"line":32,"column":12},"end":{"line":32,"column":39}},"8":{"start":{"line":36,"column":4},"end":{"line":93,"column":6}},"9":{"start":{"line":62,"column":36},"end":{"line":71,"column":38}}},"fnMap":{"0":{"name":"(anonymous_0)","decl":{"start":{"line":8,"column":28},"end":{"line":8,"column":29}},"loc":{"start":{"line":22,"column":6},"end":{"line":94,"column":1}},"line":22},"1":{"name":"(anonymous_1)","decl":{"start":{"line":23,"column":24},"end":{"line":23,"column":25}},"loc":{"start":{"line":23,"column":44},"end":{"line":27,"column":5}},"line":23},"2":{"name":"(anonymous_2)","decl":{"start":{"line":29,"column":30},"end":{"line":29,"column":31}},"loc":{"start":{"line":29,"column":36},"end":{"line":34,"column":5}},"line":29},"3":{"name":"(anonymous_3)","decl":{"start":{"line":61,"column":32},"end":{"line":61,"column":33}},"loc":{"start":{"line":62,"column":36},"end":{"line":71,"column":38}},"line":62}},"branchMap":{"0":{"loc":{"start":{"line":24,"column":8},"end":{"line":26,"column":9}},"type":"if","locations":[{"start":{"line":24,"column":8},"end":{"line":26,"column":9}},{"start":{},"end":{}}],"line":24},"1":{"loc":{"start":{"line":31,"column":8},"end":{"line":33,"column":9}},"type":"if","locations":[{"start":{"line":31,"column":8},"end":{"line":33,"column":9}},{"start":{},"end":{}}],"line":31},"2":{"loc":{"start":{"line":45,"column":45},"end":{"line":45,"column":77}},"type":"cond-expr","locations":[{"start":{"line":45,"column":69},"end":{"line":45,"column":72}},{"start":{"line":45,"column":75},"end":{"line":45,"column":77}}],"line":45},"3":{"loc":{"start":{"line":49,"column":21},"end":{"line":57,"column":21}},"type":"binary-expr","locations":[{"start":{"line":49,"column":21},"end":{"line":49,"column":62}},{"start":{"line":50,"column":24},"end":{"line":56,"column":37}}],"line":49},"4":{"loc":{"start":{"line":58,"column":21},"end":{"line":75,"column":21}},"type":"binary-expr","locations":[{"start":{"line":58,"column":21},"end":{"line":58,"column":65}},{"start":{"line":59,"column":24},"end":{"line":74,"column":30}}],"line":58},"5":{"loc":{"start":{"line":77,"column":39},"end":{"line":77,"column":64}},"type":"cond-expr","locations":[{"start":{"line":77,"column":51},"end":{"line":77,"column":53}},{"start":{"line":77,"column":56},"end":{"line":77,"column":64}}],"line":77},"6":{"loc":{"start":{"line":78,"column":29},"end":{"line":80,"column":37}},"type":"cond-expr","locations":[{"start":{"line":79,"column":34},"end":{"line":79,"column":38}},{"start":{"line":80,"column":34},"end":{"line":80,"column":37}}],"line":78}},"s":{"0":2,"1":53,"2":2,"3":2,"4":53,"5":2,"6":2,"7":2,"8":53,"9":84},"f":{"0":53,"1":2,"2":2,"3":84},"b":{"0":[2,0],"1":[2,0],"2":[3,50],"3":[53,25],"4":[53,28],"5":[2,51],"6":[4,49]},"_coverageSchema":"1a1c01bbd47fc00a2c39e90264f33305004495a9","hash":"40cc6c474727418b17c015bd1a7ad852537c4f54"}
,"/Users/alexmaneri/quizzer_start/src/quizzer/QuizView.tsx": {"path":"/Users/alexmaneri/quizzer_start/src/quizzer/QuizView.tsx","statementMap":{"0":{"start":{"line":8,"column":24},"end":{"line":46,"column":1}},"1":{"start":{"line":19,"column":28},"end":{"line":19,"column":43}},"2":{"start":{"line":21,"column":23},"end":{"line":23,"column":5}},"3":{"start":{"line":22,"column":8},"end":{"line":22,"column":23}},"4":{"start":{"line":25,"column":4},"end":{"line":45,"column":6}}},"fnMap":{"0":{"name":"(anonymous_0)","decl":{"start":{"line":8,"column":24},"end":{"line":8,"column":25}},"loc":{"start":{"line":18,"column":6},"end":{"line":46,"column":1}},"line":18},"1":{"name":"(anonymous_1)","decl":{"start":{"line":21,"column":23},"end":{"line":21,"column":24}},"loc":{"start":{"line":21,"column":29},"end":{"line":23,"column":5}},"line":21}},"branchMap":{"0":{"loc":{"start":{"line":27,"column":13},"end":{"line":35,"column":13}},"type":"binary-expr","locations":[{"start":{"line":27,"column":13},"end":{"line":27,"column":17}},{"start":{"line":28,"column":16},"end":{"line":34,"column":28}}],"line":27},"1":{"loc":{"start":{"line":36,"column":13},"end":{"line":43,"column":13}},"type":"binary-expr","locations":[{"start":{"line":36,"column":13},"end":{"line":36,"column":18}},{"start":{"line":37,"column":16},"end":{"line":42,"column":32}}],"line":36}},"s":{"0":2,"1":30,"2":30,"3":15,"4":30},"f":{"0":30,"1":15},"b":{"0":[30,8],"1":[30,22]},"_coverageSchema":"1a1c01bbd47fc00a2c39e90264f33305004495a9","hash":"3e5e0f0a5bbc1c4a8ad32abf4148f395ff50de88"}
,"/Users/alexmaneri/quizzer_start/src/quizzer/Quizzer.tsx": {"path":"/Users/alexmaneri/quizzer_start/src/quizzer/Quizzer.tsx","statementMap":{"0":{"start":{"line":9,"column":16},"end":{"line":20,"column":1}},"1":{"start":{"line":10,"column":21},"end":{"line":19,"column":5}},"2":{"start":{"line":13,"column":30},"end":{"line":17,"column":13}},"3":{"start":{"line":22,"column":23},"end":{"line":107,"column":1}},"4":{"start":{"line":23,"column":34},"end":{"line":23,"column":59}},"5":{"start":{"line":24,"column":44},"end":{"line":24,"column":59}},"6":{"start":{"line":27,"column":8},"end":{"line":29,"column":10}},"7":{"start":{"line":28,"column":44},"end":{"line":28,"column":70}},"8":{"start":{"line":33,"column":24},"end":{"line":39,"column":9}},"9":{"start":{"line":40,"column":8},"end":{"line":40,"column":42}},"10":{"start":{"line":44,"column":8},"end":{"line":44,"column":71}},"11":{"start":{"line":44,"column":56},"end":{"line":44,"column":68}},"12":{"start":{"line":47,"column":28},"end":{"line":47,"column":55}},"13":{"start":{"line":47,"column":34},"end":{"line":47,"column":55}},"14":{"start":{"line":48,"column":29},"end":{"line":48,"column":57}},"15":{"start":{"line":48,"column":35},"end":{"line":48,"column":57}},"16":{"start":{"line":50,"column":4},"end":{"line":106,"column":6}}},"fnMap":{"0":{"name":"(anonymous_0)","decl":{"start":{"line":10,"column":4},"end":{"line":10,"column":5}},"loc":{"start":{"line":10,"column":21},"end":{"line":19,"column":5}},"line":10},"1":{"name":"(anonymous_1)","decl":{"start":{"line":13,"column":12},"end":{"line":13,"column":13}},"loc":{"start":{"line":13,"column":30},"end":{"line":17,"column":13}},"line":13},"2":{"name":"(anonymous_2)","decl":{"start":{"line":22,"column":23},"end":{"line":22,"column":24}},"loc":{"start":{"line":22,"column":29},"end":{"line":107,"column":1}},"line":22},"3":{"name":"editQuiz","decl":{"start":{"line":26,"column":13},"end":{"line":26,"column":21}},"loc":{"start":{"line":26,"column":50},"end":{"line":30,"column":5}},"line":26},"4":{"name":"(anonymous_4)","decl":{"start":{"line":28,"column":24},"end":{"line":28,"column":25}},"loc":{"start":{"line":28,"column":44},"end":{"line":28,"column":70}},"line":28},"5":{"name":"addQuiz","decl":{"start":{"line":32,"column":13},"end":{"line":32,"column":20}},"loc":{"start":{"line":32,"column":50},"end":{"line":41,"column":5}},"line":32},"6":{"name":"deleteQuiz","decl":{"start":{"line":43,"column":13},"end":{"line":43,"column":23}},"loc":{"start":{"line":43,"column":37},"end":{"line":45,"column":5}},"line":43},"7":{"name":"(anonymous_7)","decl":{"start":{"line":44,"column":34},"end":{"line":44,"column":35}},"loc":{"start":{"line":44,"column":56},"end":{"line":44,"column":68}},"line":44},"8":{"name":"(anonymous_8)","decl":{"start":{"line":47,"column":28},"end":{"line":47,"column":29}},"loc":{"start":{"line":47,"column":34},"end":{"line":47,"column":55}},"line":47},"9":{"name":"(anonymous_9)","decl":{"start":{"line":48,"column":29},"end":{"line":48,"column":30}},"loc":{"start":{"line":48,"column":35},"end":{"line":48,"column":57}},"line":48}},"branchMap":{"0":{"loc":{"start":{"line":28,"column":44},"end":{"line":28,"column":70}},"type":"cond-expr","locations":[{"start":{"line":28,"column":59},"end":{"line":28,"column":66}},{"start":{"line":28,"column":69},"end":{"line":28,"column":70}}],"line":28}},"s":{"0":2,"1":10,"2":40,"3":2,"4":36,"5":36,"6":18,"7":90,"8":1,"9":1,"10":1,"11":5,"12":36,"13":1,"14":36,"15":1,"16":36},"f":{"0":10,"1":40,"2":36,"3":18,"4":90,"5":1,"6":1,"7":5,"8":1,"9":1},"b":{"0":[18,72]},"_coverageSchema":"1a1c01bbd47fc00a2c39e90264f33305004495a9","hash":"8bf2178bb60528916dba1887f7694b02d3bfd11d"}
}
