TN:
SF:src/App.tsx
FN:7,App
FN:15,(anonymous_1)
FNF:2
FNH:1
FNDA:1,App
FNDA:0,(anonymous_1)
DA:8,1
DA:10,1
DA:16,0
LF:3
LH:2
BRDA:19,0,0,1
BRDA:19,0,1,0
BRDA:22,1,0,1
BRDA:22,1,1,0
BRF:4
BRH:2
end_of_record
TN:
SF:src/interfaces/question.ts
FNF:0
FNH:0
LF:0
LH:0
BRF:0
BRH:0
end_of_record
TN:
SF:src/interfaces/quiz.ts
FNF:0
FNH:0
LF:0
LH:0
BRF:0
BRH:0
end_of_record
TN:
SF:src/quizzer/AddQuizModal.tsx
FN:4,(anonymous_0)
FN:16,(anonymous_1)
FN:35,(anonymous_2)
FN:44,(anonymous_3)
FN:53,(anonymous_4)
FNF:5
FNH:2
FNDA:36,(anonymous_0)
FNDA:1,(anonymous_1)
FNDA:0,(anonymous_2)
FNDA:0,(anonymous_3)
FNDA:0,(anonymous_4)
DA:4,2
DA:13,36
DA:14,36
DA:16,36
DA:17,1
DA:18,1
DA:19,1
DA:20,1
DA:21,1
DA:24,36
DA:37,0
DA:46,0
DA:54,0
DA:55,0
DA:56,0
LF:15
LH:10
BRF:0
BRH:0
end_of_record
TN:
SF:src/quizzer/QuestionEdit.tsx
FN:7,(anonymous_0)
FN:23,(anonymous_1)
FN:26,(anonymous_2)
FN:38,(anonymous_3)
FN:44,(anonymous_4)
FN:54,(anonymous_5)
FN:63,(anonymous_6)
FN:70,(anonymous_7)
FN:83,(anonymous_8)
FN:108,(anonymous_9)
FN:173,(anonymous_10)
FN:188,(anonymous_11)
FN:207,(anonymous_12)
FN:227,(anonymous_13)
FN:236,(anonymous_14)
FN:252,(anonymous_15)
FN:261,(anonymous_16)
FNF:17
FNH:9
FNDA:85,(anonymous_0)
FNDA:85,(anonymous_1)
FNDA:0,(anonymous_2)
FNDA:1,(anonymous_3)
FNDA:1,(anonymous_4)
FNDA:0,(anonymous_5)
FNDA:0,(anonymous_6)
FNDA:0,(anonymous_7)
FNDA:0,(anonymous_8)
FNDA:5,(anonymous_9)
FNDA:0,(anonymous_10)
FNDA:129,(anonymous_11)
FNDA:0,(anonymous_12)
FNDA:2,(anonymous_13)
FNDA:0,(anonymous_14)
FNDA:1,(anonymous_15)
FNDA:1,(anonymous_16)
DA:7,2
DA:22,85
DA:23,85
DA:26,85
DA:27,0
DA:29,0
DA:30,0
DA:38,85
DA:39,1
DA:40,1
DA:41,1
DA:44,85
DA:45,1
DA:46,1
DA:54,85
DA:55,0
DA:63,85
DA:64,0
DA:70,85
DA:74,0
DA:75,0
DA:76,0
DA:83,85
DA:84,0
DA:85,0
DA:86,0
DA:92,85
DA:111,5
DA:176,0
DA:189,129
DA:210,0
DA:228,2
DA:237,0
DA:253,1
DA:262,1
LF:35
LH:21
BRDA:29,0,0,0
BRDA:29,0,1,0
BRDA:40,1,0,1
BRDA:40,1,1,0
BRDA:41,2,0,0
BRDA:41,2,1,1
BRDA:66,3,0,0
BRDA:66,3,1,0
BRDA:79,4,0,0
BRDA:79,4,1,0
BRDA:132,5,0,21
BRDA:132,5,1,64
BRDA:153,6,0,85
BRDA:153,6,1,43
BRDA:168,7,0,85
BRDA:168,7,1,42
BRDA:184,8,0,85
BRDA:184,8,1,43
BRF:18
BRH:10
end_of_record
TN:
SF:src/quizzer/QuizCard.tsx
FN:7,(anonymous_0)
FN:15,(anonymous_1)
FN:24,(anonymous_2)
FNF:3
FNH:3
FNDA:90,(anonymous_0)
FNDA:356,(anonymous_1)
FNDA:12,(anonymous_2)
DA:7,2
DA:14,90
DA:16,356
DA:19,90
DA:25,12
LF:5
LH:5
BRDA:16,0,0,356
BRDA:16,0,1,302
BRDA:16,0,2,160
BRDA:32,1,0,90
BRDA:32,1,1,0
BRF:5
BRH:4
end_of_record
TN:
SF:src/quizzer/QuizEdit.tsx
FN:9,(anonymous_0)
FN:24,(anonymous_1)
FN:28,(anonymous_2)
FN:34,(anonymous_3)
FN:38,(anonymous_4)
FN:43,(anonymous_5)
FN:47,(anonymous_6)
FN:51,(anonymous_7)
FN:69,(anonymous_8)
FN:86,(anonymous_9)
FN:101,(anonymous_10)
FN:109,(anonymous_11)
FN:125,(anonymous_12)
FN:151,(anonymous_13)
FN:164,(anonymous_14)
FNF:15
FNH:13
FNDA:21,(anonymous_0)
FNDA:7,(anonymous_1)
FNDA:28,(anonymous_2)
FNDA:1,(anonymous_3)
FNDA:4,(anonymous_4)
FNDA:7,(anonymous_5)
FNDA:2,(anonymous_6)
FNDA:8,(anonymous_7)
FNDA:0,(anonymous_8)
FNDA:2,(anonymous_9)
FNDA:0,(anonymous_10)
FNDA:85,(anonymous_11)
FNDA:1,(anonymous_12)
FNDA:7,(anonymous_13)
FNDA:1,(anonymous_14)
DA:9,2
DA:22,21
DA:24,21
DA:25,7
DA:29,28
DA:34,21
DA:35,1
DA:38,4
DA:43,21
DA:44,7
DA:47,21
DA:48,2
DA:52,8
DA:53,6
DA:54,4
DA:60,21
DA:72,0
DA:89,2
DA:102,0
DA:110,85
DA:126,1
DA:152,7
DA:153,7
DA:165,1
DA:166,1
LF:25
LH:23
BRDA:29,0,0,7
BRDA:29,0,1,21
BRDA:52,1,0,2
BRDA:52,1,1,6
BRDA:53,2,0,2
BRDA:53,2,1,4
BRF:6
BRH:6
end_of_record
TN:
SF:src/quizzer/QuizExpanded.tsx
FN:9,(anonymous_0)
FN:21,(anonymous_1)
FN:30,(anonymous_2)
FN:37,(anonymous_3)
FN:41,(anonymous_4)
FN:42,(anonymous_5)
FN:45,(anonymous_6)
FN:50,(anonymous_7)
FN:57,(anonymous_8)
FN:61,(anonymous_9)
FN:81,(anonymous_10)
FN:98,(anonymous_11)
FNF:12
FNH:12
FNDA:24,(anonymous_0)
FNDA:96,(anonymous_1)
FNDA:2,(anonymous_2)
FNDA:53,(anonymous_3)
FNDA:2,(anonymous_4)
FNDA:2,(anonymous_5)
FNDA:9,(anonymous_6)
FNDA:36,(anonymous_7)
FNDA:2,(anonymous_8)
FNDA:8,(anonymous_9)
FNDA:8,(anonymous_10)
FNDA:53,(anonymous_11)
DA:9,2
DA:20,24
DA:22,96
DA:25,24
DA:26,24
DA:30,24
DA:31,2
DA:32,2
DA:33,2
DA:36,24
DA:37,53
DA:41,24
DA:42,2
DA:45,24
DA:46,9
DA:47,9
DA:50,36
DA:54,9
DA:57,24
DA:58,2
DA:62,8
DA:67,24
DA:82,8
DA:83,8
DA:99,53
LF:25
LH:25
BRDA:22,0,0,96
BRDA:22,0,1,87
BRDA:22,0,2,52
BRDA:62,1,0,2
BRDA:62,1,1,6
BRDA:74,2,0,23
BRDA:74,2,1,1
BRF:7
BRH:7
end_of_record
TN:
SF:src/quizzer/QuizList.tsx
FN:8,(anonymous_0)
FN:21,(anonymous_1)
FN:26,(anonymous_2)
FN:34,(anonymous_3)
FN:47,(anonymous_4)
FNF:5
FNH:5
FNDA:48,(anonymous_0)
FNDA:12,(anonymous_1)
FNDA:1,(anonymous_2)
FNDA:90,(anonymous_3)
FNDA:240,(anonymous_4)
DA:8,2
DA:19,48
DA:21,48
DA:22,12
DA:23,12
DA:26,48
DA:27,1
DA:30,48
DA:35,90
DA:48,240
DA:49,30
LF:11
LH:11
BRDA:32,0,0,48
BRDA:32,0,1,18
BRDA:48,1,0,30
BRDA:48,1,1,210
BRF:4
BRH:4
end_of_record
TN:
SF:src/quizzer/QuizQuestion.tsx
FN:8,(anonymous_0)
FN:23,(anonymous_1)
FN:29,(anonymous_2)
FN:61,(anonymous_3)
FNF:4
FNH:4
FNDA:53,(anonymous_0)
FNDA:2,(anonymous_1)
FNDA:2,(anonymous_2)
FNDA:84,(anonymous_3)
DA:8,2
DA:23,53
DA:24,2
DA:25,2
DA:29,53
DA:30,2
DA:31,2
DA:32,2
DA:36,53
DA:62,84
LF:10
LH:10
BRDA:24,0,0,2
BRDA:24,0,1,0
BRDA:31,1,0,2
BRDA:31,1,1,0
BRDA:45,2,0,3
BRDA:45,2,1,50
BRDA:49,3,0,53
BRDA:49,3,1,25
BRDA:58,4,0,53
BRDA:58,4,1,28
BRDA:77,5,0,2
BRDA:77,5,1,51
BRDA:78,6,0,4
BRDA:78,6,1,49
BRF:14
BRH:12
end_of_record
TN:
SF:src/quizzer/QuizView.tsx
FN:8,(anonymous_0)
FN:21,(anonymous_1)
FNF:2
FNH:2
FNDA:30,(anonymous_0)
FNDA:15,(anonymous_1)
DA:8,2
DA:19,30
DA:21,30
DA:22,15
DA:25,30
LF:5
LH:5
BRDA:27,0,0,30
BRDA:27,0,1,8
BRDA:36,1,0,30
BRDA:36,1,1,22
BRF:4
BRH:4
end_of_record
TN:
SF:src/quizzer/Quizzer.tsx
FN:10,(anonymous_0)
FN:13,(anonymous_1)
FN:22,(anonymous_2)
FN:26,editQuiz
FN:28,(anonymous_4)
FN:32,addQuiz
FN:43,deleteQuiz
FN:44,(anonymous_7)
FN:47,(anonymous_8)
FN:48,(anonymous_9)
FNF:10
FNH:10
FNDA:10,(anonymous_0)
FNDA:40,(anonymous_1)
FNDA:36,(anonymous_2)
FNDA:18,editQuiz
FNDA:90,(anonymous_4)
FNDA:1,addQuiz
FNDA:1,deleteQuiz
FNDA:5,(anonymous_7)
FNDA:1,(anonymous_8)
FNDA:1,(anonymous_9)
DA:9,2
DA:10,10
DA:13,40
DA:22,2
DA:23,36
DA:24,36
DA:27,18
DA:28,90
DA:33,1
DA:40,1
DA:44,5
DA:47,36
DA:48,36
DA:50,36
LF:14
LH:14
BRDA:28,0,0,18
BRDA:28,0,1,72
BRF:2
BRH:2
end_of_record
